d:\2019-discreta\mapakarnaugth03\mapakarnaugth03\release\mapakarnaugth03.pch
d:\2019-discreta\mapakarnaugth03\mapakarnaugth03\release\vc140.pdb
d:\2019-discreta\mapakarnaugth03\mapakarnaugth03\release\stdafx.obj
d:\2019-discreta\mapakarnaugth03\mapakarnaugth03\release\mapakarnaugth03.obj
d:\2019-discreta\mapakarnaugth03\mapakarnaugth03\release\assemblyinfo.obj
d:\2019-discreta\mapakarnaugth03\mapakarnaugth03\release\.netframework,version=v4.5.2.assemblyattributes.obj
d:\2019-discreta\mapakarnaugth03\mapakarnaugth03\release\.netframework,version=v4.5.2.assemblyattributes.asm
d:\2019-discreta\mapakarnaugth03\release\mapakarnaugth03.exe
d:\2019-discreta\mapakarnaugth03\release\mapakarnaugth03.pdb
d:\2019-discreta\mapakarnaugth03\mapakarnaugth03\release\app.res
d:\2019-discreta\mapakarnaugth03\mapakarnaugth03\release\mapakarnaugth03.vcxprojresolveassemblyreference.cache
d:\2019-discreta\mapakarnaugth03\mapakarnaugth03\release\mapakarnaugth03.tlog\cl.command.1.tlog
d:\2019-discreta\mapakarnaugth03\mapakarnaugth03\release\mapakarnaugth03.tlog\cl.read.1.tlog
d:\2019-discreta\mapakarnaugth03\mapakarnaugth03\release\mapakarnaugth03.tlog\cl.write.1.tlog
d:\2019-discreta\mapakarnaugth03\mapakarnaugth03\release\mapakarnaugth03.tlog\link.command.1.tlog
d:\2019-discreta\mapakarnaugth03\mapakarnaugth03\release\mapakarnaugth03.tlog\link.read.1.tlog
d:\2019-discreta\mapakarnaugth03\mapakarnaugth03\release\mapakarnaugth03.tlog\link.write.1.tlog
d:\2019-discreta\mapakarnaugth03\mapakarnaugth03\release\mapakarnaugth03.tlog\metagen.read.1.tlog
d:\2019-discreta\mapakarnaugth03\mapakarnaugth03\release\mapakarnaugth03.tlog\metagen.write.1.tlog
d:\2019-discreta\mapakarnaugth03\mapakarnaugth03\release\mapakarnaugth03.tlog\rc.command.1.tlog
d:\2019-discreta\mapakarnaugth03\mapakarnaugth03\release\mapakarnaugth03.tlog\rc.read.1.tlog
d:\2019-discreta\mapakarnaugth03\mapakarnaugth03\release\mapakarnaugth03.tlog\rc.write.1.tlog
d:\2019-discreta\mapakarnaugth03\mapakarnaugth03\release\mapakarnaugth03.tlog\tzres.dll.bi
